2019-04-10 10:11:17,394 INFO 9675 [egg-schedule]: register schedule /Users/admin/stmu/egg-react-typescript-boilerplate/node_modules/egg-logrotator/app/schedule/clean_log.js
2019-04-10 10:11:17,394 INFO 9675 [egg-schedule]: register schedule /Users/admin/stmu/egg-react-typescript-boilerplate/node_modules/egg-logrotator/app/schedule/rotate_by_file.js
2019-04-10 10:11:19,145 INFO 9667 [Timer] /Users/admin/stmu/egg-react-typescript-boilerplate/node_modules/egg-logrotator/app/schedule/clean_log.js next time will execute after 49720858ms at 2019-04-11 00:00:00.003
2019-04-10 10:11:19,145 INFO 9667 [Timer] /Users/admin/stmu/egg-react-typescript-boilerplate/node_modules/egg-logrotator/app/schedule/rotate_by_file.js next time will execute after 49721855ms at 2019-04-11 00:00:01.000
2019-04-10 11:27:16,965 INFO 10349 [Timer] /Users/admin/stmu/egg-react-typescript-boilerplate/node_modules/egg-logrotator/app/schedule/clean_log.js next time will execute after 45163037ms at 2019-04-11 00:00:00.002
2019-04-10 11:27:16,966 INFO 10349 [Timer] /Users/admin/stmu/egg-react-typescript-boilerplate/node_modules/egg-logrotator/app/schedule/rotate_by_file.js next time will execute after 45164035ms at 2019-04-11 00:00:01.001
2019-04-10 11:27:16,855 INFO 10356 [egg-schedule]: register schedule /Users/admin/stmu/egg-react-typescript-boilerplate/node_modules/egg-logrotator/app/schedule/clean_log.js
2019-04-10 11:27:16,855 INFO 10356 [egg-schedule]: register schedule /Users/admin/stmu/egg-react-typescript-boilerplate/node_modules/egg-logrotator/app/schedule/rotate_by_file.js
2019-04-10 11:42:47,866 INFO 10497 [egg-schedule]: register schedule /Users/admin/stmu/egg-react-typescript-boilerplate/node_modules/egg-logrotator/app/schedule/clean_log.js
2019-04-10 11:42:47,866 INFO 10497 [egg-schedule]: register schedule /Users/admin/stmu/egg-react-typescript-boilerplate/node_modules/egg-logrotator/app/schedule/rotate_by_file.js
2019-04-10 15:55:17,752 INFO 11676 [Timer] /Users/admin/stmu/egg-react-typescript-boilerplate/node_modules/egg-logrotator/app/schedule/clean_log.js next time will execute after 29082250ms at 2019-04-11 00:00:00.002
2019-04-10 15:55:17,752 INFO 11676 [Timer] /Users/admin/stmu/egg-react-typescript-boilerplate/node_modules/egg-logrotator/app/schedule/rotate_by_file.js next time will execute after 29083248ms at 2019-04-11 00:00:01.000
2019-04-10 15:55:17,591 INFO 11683 [egg-schedule]: register schedule /Users/admin/stmu/egg-react-typescript-boilerplate/node_modules/egg-logrotator/app/schedule/clean_log.js
2019-04-10 15:55:17,591 INFO 11683 [egg-schedule]: register schedule /Users/admin/stmu/egg-react-typescript-boilerplate/node_modules/egg-logrotator/app/schedule/rotate_by_file.js
2019-04-10 19:34:58,980 INFO 13572 [Timer] /Users/admin/stmu/egg-react-typescript-boilerplate/node_modules/egg-logrotator/app/schedule/clean_log.js next time will execute after 15901021ms at 2019-04-11 00:00:00.001
2019-04-10 19:34:58,981 INFO 13572 [Timer] /Users/admin/stmu/egg-react-typescript-boilerplate/node_modules/egg-logrotator/app/schedule/rotate_by_file.js next time will execute after 15902020ms at 2019-04-11 00:00:01.001
2019-04-10 19:34:58,791 INFO 13579 [egg-schedule]: register schedule /Users/admin/stmu/egg-react-typescript-boilerplate/node_modules/egg-logrotator/app/schedule/clean_log.js
2019-04-10 19:34:58,791 INFO 13579 [egg-schedule]: register schedule /Users/admin/stmu/egg-react-typescript-boilerplate/node_modules/egg-logrotator/app/schedule/rotate_by_file.js
2019-04-10 19:48:44,608 INFO 13750 [egg-schedule]: register schedule /Users/admin/stmu/egg-react-typescript-boilerplate/node_modules/egg-logrotator/app/schedule/clean_log.js
2019-04-10 19:48:44,608 INFO 13750 [egg-schedule]: register schedule /Users/admin/stmu/egg-react-typescript-boilerplate/node_modules/egg-logrotator/app/schedule/rotate_by_file.js
2019-04-10 19:59:34,094 INFO 13885 [egg-schedule]: register schedule /Users/admin/stmu/egg-react-typescript-boilerplate/node_modules/egg-logrotator/app/schedule/clean_log.js
2019-04-10 19:59:34,094 INFO 13885 [egg-schedule]: register schedule /Users/admin/stmu/egg-react-typescript-boilerplate/node_modules/egg-logrotator/app/schedule/rotate_by_file.js
2019-04-11 10:22:11,120 INFO 14993 [egg-schedule]: register schedule /Users/admin/stmu/egg-react-typescript-boilerplate/node_modules/egg-logrotator/app/schedule/clean_log.js
2019-04-11 10:22:11,120 INFO 14993 [egg-schedule]: register schedule /Users/admin/stmu/egg-react-typescript-boilerplate/node_modules/egg-logrotator/app/schedule/rotate_by_file.js
2019-04-11 10:58:52,714 INFO 15301 [egg-schedule]: register schedule /Users/admin/stmu/egg-react-typescript-boilerplate/node_modules/egg-logrotator/app/schedule/clean_log.js
2019-04-11 10:58:52,714 INFO 15301 [egg-schedule]: register schedule /Users/admin/stmu/egg-react-typescript-boilerplate/node_modules/egg-logrotator/app/schedule/rotate_by_file.js
2019-04-11 10:58:52,873 INFO 15294 [Timer] /Users/admin/stmu/egg-react-typescript-boilerplate/node_modules/egg-logrotator/app/schedule/clean_log.js next time will execute after 46867129ms at 2019-04-12 00:00:00.002
2019-04-11 10:58:52,873 INFO 15294 [Timer] /Users/admin/stmu/egg-react-typescript-boilerplate/node_modules/egg-logrotator/app/schedule/rotate_by_file.js next time will execute after 46868127ms at 2019-04-12 00:00:01.000
2019-04-11 11:02:29,760 INFO 15381 [egg-schedule]: register schedule /Users/admin/stmu/egg-react-typescript-boilerplate/node_modules/egg-logrotator/app/schedule/clean_log.js
2019-04-11 11:02:29,760 INFO 15381 [egg-schedule]: register schedule /Users/admin/stmu/egg-react-typescript-boilerplate/node_modules/egg-logrotator/app/schedule/rotate_by_file.js
2019-04-11 11:02:29,931 INFO 15380 [Timer] /Users/admin/stmu/egg-react-typescript-boilerplate/node_modules/egg-logrotator/app/schedule/clean_log.js next time will execute after 46650071ms at 2019-04-12 00:00:00.002
2019-04-11 11:02:29,932 INFO 15380 [Timer] /Users/admin/stmu/egg-react-typescript-boilerplate/node_modules/egg-logrotator/app/schedule/rotate_by_file.js next time will execute after 46651069ms at 2019-04-12 00:00:01.001
2019-04-17 20:01:13,122 INFO 41652 [egg-schedule]: register schedule /Users/admin/stmu/h5Editor/backend/node_modules/egg-logrotator/app/schedule/clean_log.js
2019-04-17 20:01:13,122 INFO 41652 [egg-schedule]: register schedule /Users/admin/stmu/h5Editor/backend/node_modules/egg-logrotator/app/schedule/rotate_by_file.js
2019-04-17 20:01:15,118 INFO 41645 [Timer] /Users/admin/stmu/h5Editor/backend/node_modules/egg-logrotator/app/schedule/clean_log.js next time will execute after 14324884ms at 2019-04-18 00:00:00.002
2019-04-17 20:01:15,119 INFO 41645 [Timer] /Users/admin/stmu/h5Editor/backend/node_modules/egg-logrotator/app/schedule/rotate_by_file.js next time will execute after 14325882ms at 2019-04-18 00:00:01.001
2019-04-17 20:16:54,214 INFO 41889 [egg-schedule]: register schedule /Users/admin/stmu/h5Editor/backend/node_modules/egg-logrotator/app/schedule/clean_log.js
2019-04-17 20:16:54,214 INFO 41889 [egg-schedule]: register schedule /Users/admin/stmu/h5Editor/backend/node_modules/egg-logrotator/app/schedule/rotate_by_file.js
2019-04-17 20:18:25,840 INFO 41934 [egg-schedule]: register schedule /Users/admin/stmu/h5Editor/backend/node_modules/egg-logrotator/app/schedule/clean_log.js
2019-04-17 20:18:25,840 INFO 41934 [egg-schedule]: register schedule /Users/admin/stmu/h5Editor/backend/node_modules/egg-logrotator/app/schedule/rotate_by_file.js
2019-04-17 20:18:26,011 INFO 41927 [Timer] /Users/admin/stmu/h5Editor/backend/node_modules/egg-logrotator/app/schedule/clean_log.js next time will execute after 13293990ms at 2019-04-18 00:00:00.001
2019-04-17 20:18:26,012 INFO 41927 [Timer] /Users/admin/stmu/h5Editor/backend/node_modules/egg-logrotator/app/schedule/rotate_by_file.js next time will execute after 13294989ms at 2019-04-18 00:00:01.001
2019-04-17 20:22:49,504 INFO 42019 [Timer] /Users/admin/stmu/h5Editor/backend/node_modules/egg-logrotator/app/schedule/clean_log.js next time will execute after 13030498ms at 2019-04-18 00:00:00.002
2019-04-17 20:22:49,505 INFO 42019 [Timer] /Users/admin/stmu/h5Editor/backend/node_modules/egg-logrotator/app/schedule/rotate_by_file.js next time will execute after 13031495ms at 2019-04-18 00:00:01.000
2019-04-17 20:22:49,331 INFO 42020 [egg-schedule]: register schedule /Users/admin/stmu/h5Editor/backend/node_modules/egg-logrotator/app/schedule/clean_log.js
2019-04-17 20:22:49,332 INFO 42020 [egg-schedule]: register schedule /Users/admin/stmu/h5Editor/backend/node_modules/egg-logrotator/app/schedule/rotate_by_file.js
2019-04-17 20:24:40,960 INFO 42112 [Timer] /Users/admin/stmu/h5Editor/backend/node_modules/egg-logrotator/app/schedule/clean_log.js next time will execute after 12919042ms at 2019-04-18 00:00:00.002
2019-04-17 20:24:40,960 INFO 42112 [Timer] /Users/admin/stmu/h5Editor/backend/node_modules/egg-logrotator/app/schedule/rotate_by_file.js next time will execute after 12920040ms at 2019-04-18 00:00:01.000
2019-04-17 20:24:40,785 INFO 42121 [egg-schedule]: register schedule /Users/admin/stmu/h5Editor/backend/node_modules/egg-logrotator/app/schedule/clean_log.js
2019-04-17 20:24:40,785 INFO 42121 [egg-schedule]: register schedule /Users/admin/stmu/h5Editor/backend/node_modules/egg-logrotator/app/schedule/rotate_by_file.js
2019-04-17 20:29:47,966 INFO 42187 [egg-schedule]: register schedule /Users/admin/stmu/h5Editor/backend/node_modules/egg-logrotator/app/schedule/clean_log.js
2019-04-17 20:29:47,966 INFO 42187 [egg-schedule]: register schedule /Users/admin/stmu/h5Editor/backend/node_modules/egg-logrotator/app/schedule/rotate_by_file.js
2019-04-17 20:31:30,741 INFO 42224 [egg-schedule]: register schedule /Users/admin/stmu/h5Editor/backend/node_modules/egg-logrotator/app/schedule/clean_log.js
2019-04-17 20:31:30,741 INFO 42224 [egg-schedule]: register schedule /Users/admin/stmu/h5Editor/backend/node_modules/egg-logrotator/app/schedule/rotate_by_file.js
2019-04-18 19:04:23,831 INFO 50458 [Timer] /Users/admin/stmu/h5Editor/backend/node_modules/egg-logrotator/app/schedule/clean_log.js next time will execute after 17736171ms at 2019-04-19 00:00:00.002
2019-04-18 19:04:23,831 INFO 50458 [Timer] /Users/admin/stmu/h5Editor/backend/node_modules/egg-logrotator/app/schedule/rotate_by_file.js next time will execute after 17737169ms at 2019-04-19 00:00:01.000
2019-04-18 19:04:23,637 INFO 50465 [egg-schedule]: register schedule /Users/admin/stmu/h5Editor/backend/node_modules/egg-logrotator/app/schedule/clean_log.js
2019-04-18 19:04:23,637 INFO 50465 [egg-schedule]: register schedule /Users/admin/stmu/h5Editor/backend/node_modules/egg-logrotator/app/schedule/rotate_by_file.js
2019-04-18 19:06:30,919 INFO 50493 [egg-schedule]: register schedule /Users/admin/stmu/h5Editor/backend/node_modules/egg-logrotator/app/schedule/clean_log.js
2019-04-18 19:06:30,919 INFO 50493 [egg-schedule]: register schedule /Users/admin/stmu/h5Editor/backend/node_modules/egg-logrotator/app/schedule/rotate_by_file.js
2019-04-18 19:07:42,919 INFO 50506 [egg-schedule]: register schedule /Users/admin/stmu/h5Editor/backend/node_modules/egg-logrotator/app/schedule/clean_log.js
2019-04-18 19:07:42,919 INFO 50506 [egg-schedule]: register schedule /Users/admin/stmu/h5Editor/backend/node_modules/egg-logrotator/app/schedule/rotate_by_file.js
2019-04-18 19:08:29,841 INFO 50521 [egg-schedule]: register schedule /Users/admin/stmu/h5Editor/backend/node_modules/egg-logrotator/app/schedule/clean_log.js
2019-04-18 19:08:29,841 INFO 50521 [egg-schedule]: register schedule /Users/admin/stmu/h5Editor/backend/node_modules/egg-logrotator/app/schedule/rotate_by_file.js
2019-04-18 19:09:08,163 INFO 50534 [egg-schedule]: register schedule /Users/admin/stmu/h5Editor/backend/node_modules/egg-logrotator/app/schedule/clean_log.js
2019-04-18 19:09:08,163 INFO 50534 [egg-schedule]: register schedule /Users/admin/stmu/h5Editor/backend/node_modules/egg-logrotator/app/schedule/rotate_by_file.js
2019-04-18 19:09:33,903 INFO 50547 [egg-schedule]: register schedule /Users/admin/stmu/h5Editor/backend/node_modules/egg-logrotator/app/schedule/clean_log.js
2019-04-18 19:09:33,903 INFO 50547 [egg-schedule]: register schedule /Users/admin/stmu/h5Editor/backend/node_modules/egg-logrotator/app/schedule/rotate_by_file.js
2019-04-18 19:19:12,407 INFO 50591 [egg-schedule]: register schedule /Users/admin/stmu/h5Editor/backend/node_modules/egg-logrotator/app/schedule/clean_log.js
2019-04-18 19:19:12,407 INFO 50591 [egg-schedule]: register schedule /Users/admin/stmu/h5Editor/backend/node_modules/egg-logrotator/app/schedule/rotate_by_file.js
2019-04-18 19:19:33,739 INFO 50624 [Timer] /Users/admin/stmu/h5Editor/backend/node_modules/egg-logrotator/app/schedule/clean_log.js next time will execute after 16826263ms at 2019-04-19 00:00:00.002
2019-04-18 19:19:33,739 INFO 50624 [Timer] /Users/admin/stmu/h5Editor/backend/node_modules/egg-logrotator/app/schedule/rotate_by_file.js next time will execute after 16827261ms at 2019-04-19 00:00:01.000
2019-04-18 19:19:33,628 INFO 50631 [egg-schedule]: register schedule /Users/admin/stmu/h5Editor/backend/node_modules/egg-logrotator/app/schedule/clean_log.js
2019-04-18 19:19:33,628 INFO 50631 [egg-schedule]: register schedule /Users/admin/stmu/h5Editor/backend/node_modules/egg-logrotator/app/schedule/rotate_by_file.js
2019-04-18 19:21:20,304 INFO 50673 [egg-schedule]: register schedule /Users/admin/stmu/h5Editor/backend/node_modules/egg-logrotator/app/schedule/clean_log.js
2019-04-18 19:21:20,304 INFO 50673 [egg-schedule]: register schedule /Users/admin/stmu/h5Editor/backend/node_modules/egg-logrotator/app/schedule/rotate_by_file.js
2019-04-18 19:22:40,981 INFO 50687 [egg-schedule]: register schedule /Users/admin/stmu/h5Editor/backend/node_modules/egg-logrotator/app/schedule/clean_log.js
2019-04-18 19:22:40,981 INFO 50687 [egg-schedule]: register schedule /Users/admin/stmu/h5Editor/backend/node_modules/egg-logrotator/app/schedule/rotate_by_file.js
2019-04-18 19:39:22,261 INFO 50821 [Timer] /Users/admin/stmu/h5Editor/backend/node_modules/egg-logrotator/app/schedule/clean_log.js next time will execute after 15637740ms at 2019-04-19 00:00:00.001
2019-04-18 19:39:22,262 INFO 50821 [Timer] /Users/admin/stmu/h5Editor/backend/node_modules/egg-logrotator/app/schedule/rotate_by_file.js next time will execute after 15638738ms at 2019-04-19 00:00:01.000
2019-04-18 19:39:22,073 INFO 50822 [egg-schedule]: register schedule /Users/admin/stmu/h5Editor/backend/node_modules/egg-logrotator/app/schedule/clean_log.js
2019-04-18 19:39:22,073 INFO 50822 [egg-schedule]: register schedule /Users/admin/stmu/h5Editor/backend/node_modules/egg-logrotator/app/schedule/rotate_by_file.js
2019-04-18 19:48:28,550 INFO 50936 [Timer] /Users/admin/stmu/h5Editor/backend/node_modules/egg-logrotator/app/schedule/clean_log.js next time will execute after 15091453ms at 2019-04-19 00:00:00.003
2019-04-18 19:48:28,551 INFO 50936 [Timer] /Users/admin/stmu/h5Editor/backend/node_modules/egg-logrotator/app/schedule/rotate_by_file.js next time will execute after 15092449ms at 2019-04-19 00:00:01.000
2019-04-18 19:48:28,369 INFO 50943 [egg-schedule]: register schedule /Users/admin/stmu/h5Editor/backend/node_modules/egg-logrotator/app/schedule/clean_log.js
2019-04-18 19:48:28,369 INFO 50943 [egg-schedule]: register schedule /Users/admin/stmu/h5Editor/backend/node_modules/egg-logrotator/app/schedule/rotate_by_file.js
2019-04-19 15:00:41,488 INFO 54936 [Timer] /Users/admin/stmu/h5Editor/backend/node_modules/egg-logrotator/app/schedule/clean_log.js next time will execute after 32358513ms at 2019-04-20 00:00:00.001
2019-04-19 15:00:41,489 INFO 54936 [Timer] /Users/admin/stmu/h5Editor/backend/node_modules/egg-logrotator/app/schedule/rotate_by_file.js next time will execute after 32359512ms at 2019-04-20 00:00:01.001
2019-04-19 15:00:41,290 INFO 54943 [egg-schedule]: register schedule /Users/admin/stmu/h5Editor/backend/node_modules/egg-logrotator/app/schedule/clean_log.js
2019-04-19 15:00:41,290 INFO 54943 [egg-schedule]: register schedule /Users/admin/stmu/h5Editor/backend/node_modules/egg-logrotator/app/schedule/rotate_by_file.js
2019-04-19 16:24:00,767 INFO 55253 [egg-schedule]: register schedule /Users/admin/stmu/h5Editor/backend/node_modules/egg-logrotator/app/schedule/clean_log.js
2019-04-19 16:24:00,767 INFO 55253 [egg-schedule]: register schedule /Users/admin/stmu/h5Editor/backend/node_modules/egg-logrotator/app/schedule/rotate_by_file.js
2019-04-19 16:24:46,282 INFO 55267 [egg-schedule]: register schedule /Users/admin/stmu/h5Editor/backend/node_modules/egg-logrotator/app/schedule/clean_log.js
2019-04-19 16:24:46,282 INFO 55267 [egg-schedule]: register schedule /Users/admin/stmu/h5Editor/backend/node_modules/egg-logrotator/app/schedule/rotate_by_file.js
2019-04-19 16:25:32,615 INFO 55283 [egg-schedule]: register schedule /Users/admin/stmu/h5Editor/backend/node_modules/egg-logrotator/app/schedule/clean_log.js
2019-04-19 16:25:32,615 INFO 55283 [egg-schedule]: register schedule /Users/admin/stmu/h5Editor/backend/node_modules/egg-logrotator/app/schedule/rotate_by_file.js
2019-04-19 16:25:36,759 INFO 55292 [egg-schedule]: register schedule /Users/admin/stmu/h5Editor/backend/node_modules/egg-logrotator/app/schedule/clean_log.js
2019-04-19 16:25:36,759 INFO 55292 [egg-schedule]: register schedule /Users/admin/stmu/h5Editor/backend/node_modules/egg-logrotator/app/schedule/rotate_by_file.js
2019-04-19 16:25:57,608 INFO 55307 [egg-schedule]: register schedule /Users/admin/stmu/h5Editor/backend/node_modules/egg-logrotator/app/schedule/clean_log.js
2019-04-19 16:25:57,608 INFO 55307 [egg-schedule]: register schedule /Users/admin/stmu/h5Editor/backend/node_modules/egg-logrotator/app/schedule/rotate_by_file.js
2019-04-19 16:27:29,677 INFO 55345 [egg-schedule]: register schedule /Users/admin/stmu/h5Editor/backend/node_modules/egg-logrotator/app/schedule/clean_log.js
2019-04-19 16:27:29,677 INFO 55345 [egg-schedule]: register schedule /Users/admin/stmu/h5Editor/backend/node_modules/egg-logrotator/app/schedule/rotate_by_file.js
2019-04-19 16:27:30,031 INFO 55344 [Timer] /Users/admin/stmu/h5Editor/backend/node_modules/egg-logrotator/app/schedule/clean_log.js next time will execute after 27149971ms at 2019-04-20 00:00:00.002
2019-04-19 16:27:30,031 INFO 55344 [Timer] /Users/admin/stmu/h5Editor/backend/node_modules/egg-logrotator/app/schedule/rotate_by_file.js next time will execute after 27150969ms at 2019-04-20 00:00:01.000
2019-04-19 16:32:20,689 INFO 55431 [egg-schedule]: register schedule /Users/admin/stmu/h5Editor/backend/node_modules/egg-logrotator/app/schedule/clean_log.js
2019-04-19 16:32:20,689 INFO 55431 [egg-schedule]: register schedule /Users/admin/stmu/h5Editor/backend/node_modules/egg-logrotator/app/schedule/rotate_by_file.js
2019-04-19 16:32:22,762 INFO 55424 [Timer] /Users/admin/stmu/h5Editor/backend/node_modules/egg-logrotator/app/schedule/clean_log.js next time will execute after 26857240ms at 2019-04-20 00:00:00.002
2019-04-19 16:32:22,762 INFO 55424 [Timer] /Users/admin/stmu/h5Editor/backend/node_modules/egg-logrotator/app/schedule/rotate_by_file.js next time will execute after 26858238ms at 2019-04-20 00:00:01.000
2019-04-19 16:37:46,506 INFO 55483 [egg-schedule]: register schedule /Users/admin/stmu/h5Editor/backend/node_modules/egg-logrotator/app/schedule/clean_log.js
2019-04-19 16:37:46,506 INFO 55483 [egg-schedule]: register schedule /Users/admin/stmu/h5Editor/backend/node_modules/egg-logrotator/app/schedule/rotate_by_file.js
2019-04-19 16:43:42,596 INFO 55518 [egg-schedule]: register schedule /Users/admin/stmu/h5Editor/backend/node_modules/egg-logrotator/app/schedule/clean_log.js
2019-04-19 16:43:42,596 INFO 55518 [egg-schedule]: register schedule /Users/admin/stmu/h5Editor/backend/node_modules/egg-logrotator/app/schedule/rotate_by_file.js
2019-04-19 16:45:19,644 INFO 55563 [egg-schedule]: register schedule /Users/admin/stmu/h5Editor/backend/node_modules/egg-logrotator/app/schedule/clean_log.js
2019-04-19 16:45:19,644 INFO 55563 [egg-schedule]: register schedule /Users/admin/stmu/h5Editor/backend/node_modules/egg-logrotator/app/schedule/rotate_by_file.js
2019-04-19 16:45:20,070 INFO 55556 [Timer] /Users/admin/stmu/h5Editor/backend/node_modules/egg-logrotator/app/schedule/clean_log.js next time will execute after 26079932ms at 2019-04-20 00:00:00.002
2019-04-19 16:45:20,070 INFO 55556 [Timer] /Users/admin/stmu/h5Editor/backend/node_modules/egg-logrotator/app/schedule/rotate_by_file.js next time will execute after 26080930ms at 2019-04-20 00:00:01.000
2019-04-19 16:50:03,138 INFO 55628 [egg-schedule]: register schedule /Users/admin/stmu/h5Editor/backend/node_modules/egg-logrotator/app/schedule/clean_log.js
2019-04-19 16:50:03,138 INFO 55628 [egg-schedule]: register schedule /Users/admin/stmu/h5Editor/backend/node_modules/egg-logrotator/app/schedule/rotate_by_file.js
2019-04-19 16:54:05,462 INFO 55643 [egg-schedule]: register schedule /Users/admin/stmu/h5Editor/backend/node_modules/egg-logrotator/app/schedule/clean_log.js
2019-04-19 16:54:05,462 INFO 55643 [egg-schedule]: register schedule /Users/admin/stmu/h5Editor/backend/node_modules/egg-logrotator/app/schedule/rotate_by_file.js
2019-04-20 10:11:38,577 INFO 57435 [egg-schedule]: register schedule /Users/admin/stmu/h5Editor/backend/node_modules/egg-logrotator/app/schedule/clean_log.js
2019-04-20 10:11:38,577 INFO 57435 [egg-schedule]: register schedule /Users/admin/stmu/h5Editor/backend/node_modules/egg-logrotator/app/schedule/rotate_by_file.js
2019-04-20 10:11:39,264 INFO 57428 [Timer] /Users/admin/stmu/h5Editor/backend/node_modules/egg-logrotator/app/schedule/clean_log.js next time will execute after 49700738ms at 2019-04-21 00:00:00.002
2019-04-20 10:11:39,265 INFO 57428 [Timer] /Users/admin/stmu/h5Editor/backend/node_modules/egg-logrotator/app/schedule/rotate_by_file.js next time will execute after 49701735ms at 2019-04-21 00:00:01.000
2019-04-20 10:24:04,425 INFO 57505 [egg-schedule]: register schedule /Users/admin/stmu/h5Editor/backend/node_modules/egg-logrotator/app/schedule/clean_log.js
2019-04-20 10:24:04,425 INFO 57505 [egg-schedule]: register schedule /Users/admin/stmu/h5Editor/backend/node_modules/egg-logrotator/app/schedule/rotate_by_file.js
2019-04-20 10:24:04,769 INFO 57500 [Timer] /Users/admin/stmu/h5Editor/backend/node_modules/egg-logrotator/app/schedule/clean_log.js next time will execute after 48955234ms at 2019-04-21 00:00:00.003
2019-04-20 10:24:04,769 INFO 57500 [Timer] /Users/admin/stmu/h5Editor/backend/node_modules/egg-logrotator/app/schedule/rotate_by_file.js next time will execute after 48956231ms at 2019-04-21 00:00:01.000
2019-04-20 10:24:40,055 INFO 57556 [egg-schedule]: register schedule /Users/admin/stmu/h5Editor/backend/node_modules/egg-logrotator/app/schedule/clean_log.js
2019-04-20 10:24:40,055 INFO 57556 [egg-schedule]: register schedule /Users/admin/stmu/h5Editor/backend/node_modules/egg-logrotator/app/schedule/rotate_by_file.js
2019-04-20 10:24:40,388 INFO 57545 [Timer] /Users/admin/stmu/h5Editor/backend/node_modules/egg-logrotator/app/schedule/clean_log.js next time will execute after 48919614ms at 2019-04-21 00:00:00.002
2019-04-20 10:24:40,388 INFO 57545 [Timer] /Users/admin/stmu/h5Editor/backend/node_modules/egg-logrotator/app/schedule/rotate_by_file.js next time will execute after 48920612ms at 2019-04-21 00:00:01.000
2019-04-20 10:37:23,370 INFO 57652 [egg-schedule]: register schedule /Users/admin/stmu/h5Editor/backend/node_modules/egg-logrotator/app/schedule/clean_log.js
2019-04-20 10:37:23,370 INFO 57652 [egg-schedule]: register schedule /Users/admin/stmu/h5Editor/backend/node_modules/egg-logrotator/app/schedule/rotate_by_file.js
2019-04-20 10:39:21,017 INFO 57683 [egg-schedule]: register schedule /Users/admin/stmu/h5Editor/backend/node_modules/egg-logrotator/app/schedule/clean_log.js
2019-04-20 10:39:21,017 INFO 57683 [egg-schedule]: register schedule /Users/admin/stmu/h5Editor/backend/node_modules/egg-logrotator/app/schedule/rotate_by_file.js
2019-04-20 10:44:46,833 INFO 57728 [egg-schedule]: register schedule /Users/admin/stmu/h5Editor/backend/node_modules/egg-logrotator/app/schedule/clean_log.js
2019-04-20 10:44:46,833 INFO 57728 [egg-schedule]: register schedule /Users/admin/stmu/h5Editor/backend/node_modules/egg-logrotator/app/schedule/rotate_by_file.js
2019-04-20 10:52:55,621 INFO 57749 [egg-schedule]: register schedule /Users/admin/stmu/h5Editor/backend/node_modules/egg-logrotator/app/schedule/clean_log.js
2019-04-20 10:52:55,621 INFO 57749 [egg-schedule]: register schedule /Users/admin/stmu/h5Editor/backend/node_modules/egg-logrotator/app/schedule/rotate_by_file.js
2019-04-20 10:54:31,056 INFO 57769 [egg-schedule]: register schedule /Users/admin/stmu/h5Editor/backend/node_modules/egg-logrotator/app/schedule/clean_log.js
2019-04-20 10:54:31,057 INFO 57769 [egg-schedule]: register schedule /Users/admin/stmu/h5Editor/backend/node_modules/egg-logrotator/app/schedule/rotate_by_file.js
2019-04-20 10:56:09,877 INFO 57785 [egg-schedule]: register schedule /Users/admin/stmu/h5Editor/backend/node_modules/egg-logrotator/app/schedule/clean_log.js
2019-04-20 10:56:09,877 INFO 57785 [egg-schedule]: register schedule /Users/admin/stmu/h5Editor/backend/node_modules/egg-logrotator/app/schedule/rotate_by_file.js
2019-04-20 10:58:31,903 INFO 57803 [egg-schedule]: register schedule /Users/admin/stmu/h5Editor/backend/node_modules/egg-logrotator/app/schedule/clean_log.js
2019-04-20 10:58:31,903 INFO 57803 [egg-schedule]: register schedule /Users/admin/stmu/h5Editor/backend/node_modules/egg-logrotator/app/schedule/rotate_by_file.js
2019-04-20 11:00:35,499 INFO 57828 [egg-schedule]: register schedule /Users/admin/stmu/h5Editor/backend/node_modules/egg-logrotator/app/schedule/clean_log.js
2019-04-20 11:00:35,499 INFO 57828 [egg-schedule]: register schedule /Users/admin/stmu/h5Editor/backend/node_modules/egg-logrotator/app/schedule/rotate_by_file.js
2019-04-20 11:00:57,837 INFO 57858 [egg-schedule]: register schedule /Users/admin/stmu/h5Editor/backend/node_modules/egg-logrotator/app/schedule/clean_log.js
2019-04-20 11:00:57,837 INFO 57858 [egg-schedule]: register schedule /Users/admin/stmu/h5Editor/backend/node_modules/egg-logrotator/app/schedule/rotate_by_file.js
2019-04-20 11:00:58,192 INFO 57853 [Timer] /Users/admin/stmu/h5Editor/backend/node_modules/egg-logrotator/app/schedule/clean_log.js next time will execute after 46741809ms at 2019-04-21 00:00:00.001
2019-04-20 11:00:58,193 INFO 57853 [Timer] /Users/admin/stmu/h5Editor/backend/node_modules/egg-logrotator/app/schedule/rotate_by_file.js next time will execute after 46742807ms at 2019-04-21 00:00:01.000
2019-04-20 11:02:38,732 INFO 57903 [egg-schedule]: register schedule /Users/admin/stmu/h5Editor/backend/node_modules/egg-logrotator/app/schedule/clean_log.js
2019-04-20 11:02:38,732 INFO 57903 [egg-schedule]: register schedule /Users/admin/stmu/h5Editor/backend/node_modules/egg-logrotator/app/schedule/rotate_by_file.js
2019-04-20 11:05:34,288 INFO 57947 [egg-schedule]: register schedule /Users/admin/stmu/h5Editor/backend/node_modules/egg-logrotator/app/schedule/clean_log.js
2019-04-20 11:05:34,288 INFO 57947 [egg-schedule]: register schedule /Users/admin/stmu/h5Editor/backend/node_modules/egg-logrotator/app/schedule/rotate_by_file.js
2019-04-20 11:05:36,075 INFO 57942 [Timer] /Users/admin/stmu/h5Editor/backend/node_modules/egg-logrotator/app/schedule/clean_log.js next time will execute after 46463927ms at 2019-04-21 00:00:00.002
2019-04-20 11:05:36,075 INFO 57942 [Timer] /Users/admin/stmu/h5Editor/backend/node_modules/egg-logrotator/app/schedule/rotate_by_file.js next time will execute after 46464925ms at 2019-04-21 00:00:01.000
2019-04-20 11:09:14,700 INFO 57999 [egg-schedule]: register schedule /Users/admin/stmu/h5Editor/backend/node_modules/egg-logrotator/app/schedule/clean_log.js
2019-04-20 11:09:14,700 INFO 57999 [egg-schedule]: register schedule /Users/admin/stmu/h5Editor/backend/node_modules/egg-logrotator/app/schedule/rotate_by_file.js
2019-04-20 11:09:15,049 INFO 57994 [Timer] /Users/admin/stmu/h5Editor/backend/node_modules/egg-logrotator/app/schedule/clean_log.js next time will execute after 46244953ms at 2019-04-21 00:00:00.002
2019-04-20 11:09:15,050 INFO 57994 [Timer] /Users/admin/stmu/h5Editor/backend/node_modules/egg-logrotator/app/schedule/rotate_by_file.js next time will execute after 46245950ms at 2019-04-21 00:00:01.000
2019-04-20 11:13:09,309 INFO 58061 [egg-schedule]: register schedule /Users/admin/stmu/h5Editor/backend/node_modules/egg-logrotator/app/schedule/clean_log.js
2019-04-20 11:13:09,309 INFO 58061 [egg-schedule]: register schedule /Users/admin/stmu/h5Editor/backend/node_modules/egg-logrotator/app/schedule/rotate_by_file.js
2019-04-20 11:14:45,623 INFO 58077 [egg-schedule]: register schedule /Users/admin/stmu/h5Editor/backend/node_modules/egg-logrotator/app/schedule/clean_log.js
2019-04-20 11:14:45,623 INFO 58077 [egg-schedule]: register schedule /Users/admin/stmu/h5Editor/backend/node_modules/egg-logrotator/app/schedule/rotate_by_file.js
2019-04-20 11:15:37,904 INFO 58094 [egg-schedule]: register schedule /Users/admin/stmu/h5Editor/backend/node_modules/egg-logrotator/app/schedule/clean_log.js
2019-04-20 11:15:37,905 INFO 58094 [egg-schedule]: register schedule /Users/admin/stmu/h5Editor/backend/node_modules/egg-logrotator/app/schedule/rotate_by_file.js
2019-04-20 11:35:39,702 INFO 58290 [egg-schedule]: register schedule /Users/admin/stmu/h5Editor/backend/node_modules/egg-logrotator/app/schedule/clean_log.js
2019-04-20 11:35:39,702 INFO 58290 [egg-schedule]: register schedule /Users/admin/stmu/h5Editor/backend/node_modules/egg-logrotator/app/schedule/rotate_by_file.js
2019-04-20 11:35:57,144 INFO 58306 [egg-schedule]: register schedule /Users/admin/stmu/h5Editor/backend/node_modules/egg-logrotator/app/schedule/clean_log.js
2019-04-20 11:35:57,144 INFO 58306 [egg-schedule]: register schedule /Users/admin/stmu/h5Editor/backend/node_modules/egg-logrotator/app/schedule/rotate_by_file.js
2019-04-20 11:36:05,248 INFO 58322 [egg-schedule]: register schedule /Users/admin/stmu/h5Editor/backend/node_modules/egg-logrotator/app/schedule/clean_log.js
2019-04-20 11:36:05,248 INFO 58322 [egg-schedule]: register schedule /Users/admin/stmu/h5Editor/backend/node_modules/egg-logrotator/app/schedule/rotate_by_file.js
2019-04-20 11:44:04,395 INFO 58432 [egg-schedule]: register schedule /Users/admin/stmu/h5Editor/backend/node_modules/egg-logrotator/app/schedule/clean_log.js
2019-04-20 11:44:04,395 INFO 58432 [egg-schedule]: register schedule /Users/admin/stmu/h5Editor/backend/node_modules/egg-logrotator/app/schedule/rotate_by_file.js
2019-04-20 11:44:04,811 INFO 58427 [Timer] /Users/admin/stmu/h5Editor/backend/node_modules/egg-logrotator/app/schedule/clean_log.js next time will execute after 44155191ms at 2019-04-21 00:00:00.002
2019-04-20 11:44:04,811 INFO 58427 [Timer] /Users/admin/stmu/h5Editor/backend/node_modules/egg-logrotator/app/schedule/rotate_by_file.js next time will execute after 44156189ms at 2019-04-21 00:00:01.000
2019-04-22 15:08:04,055 INFO 62521 [egg-schedule]: register schedule /Users/admin/stmu/h5Editor/backend/node_modules/egg-logrotator/app/schedule/clean_log.js
2019-04-22 15:08:04,055 INFO 62521 [egg-schedule]: register schedule /Users/admin/stmu/h5Editor/backend/node_modules/egg-logrotator/app/schedule/rotate_by_file.js
2019-04-22 15:08:04,790 INFO 62520 [Timer] /Users/admin/stmu/h5Editor/backend/node_modules/egg-logrotator/app/schedule/clean_log.js next time will execute after 31915212ms at 2019-04-23 00:00:00.002
2019-04-22 15:08:04,790 INFO 62520 [Timer] /Users/admin/stmu/h5Editor/backend/node_modules/egg-logrotator/app/schedule/rotate_by_file.js next time will execute after 31916210ms at 2019-04-23 00:00:01.000
2019-04-22 15:47:46,546 INFO 62936 [egg-schedule]: register schedule /Users/admin/stmu/h5Editor/backend/node_modules/egg-logrotator/app/schedule/clean_log.js
2019-04-22 15:47:46,546 INFO 62936 [egg-schedule]: register schedule /Users/admin/stmu/h5Editor/backend/node_modules/egg-logrotator/app/schedule/rotate_by_file.js
2019-04-22 15:48:47,549 INFO 62978 [egg-schedule]: register schedule /Users/admin/stmu/h5Editor/backend/node_modules/egg-logrotator/app/schedule/clean_log.js
2019-04-22 15:48:47,549 INFO 62978 [egg-schedule]: register schedule /Users/admin/stmu/h5Editor/backend/node_modules/egg-logrotator/app/schedule/rotate_by_file.js
2019-04-22 15:48:47,932 INFO 62973 [Timer] /Users/admin/stmu/h5Editor/backend/node_modules/egg-logrotator/app/schedule/clean_log.js next time will execute after 29472070ms at 2019-04-23 00:00:00.002
2019-04-22 15:48:47,933 INFO 62973 [Timer] /Users/admin/stmu/h5Editor/backend/node_modules/egg-logrotator/app/schedule/rotate_by_file.js next time will execute after 29473068ms at 2019-04-23 00:00:01.001
2019-04-22 15:54:17,828 INFO 63074 [egg-schedule]: register schedule /Users/admin/stmu/h5Editor/backend/node_modules/egg-logrotator/app/schedule/clean_log.js
2019-04-22 15:54:17,828 INFO 63074 [egg-schedule]: register schedule /Users/admin/stmu/h5Editor/backend/node_modules/egg-logrotator/app/schedule/rotate_by_file.js
2019-04-22 16:02:01,605 INFO 63111 [egg-schedule]: register schedule /Users/admin/stmu/h5Editor/backend/node_modules/egg-logrotator/app/schedule/clean_log.js
2019-04-22 16:02:01,605 INFO 63111 [egg-schedule]: register schedule /Users/admin/stmu/h5Editor/backend/node_modules/egg-logrotator/app/schedule/rotate_by_file.js
2019-04-22 16:06:21,197 INFO 63167 [egg-schedule]: register schedule /Users/admin/stmu/h5Editor/backend/node_modules/egg-logrotator/app/schedule/clean_log.js
2019-04-22 16:06:21,197 INFO 63167 [egg-schedule]: register schedule /Users/admin/stmu/h5Editor/backend/node_modules/egg-logrotator/app/schedule/rotate_by_file.js
2019-04-22 16:06:25,462 INFO 63186 [egg-schedule]: register schedule /Users/admin/stmu/h5Editor/backend/node_modules/egg-logrotator/app/schedule/clean_log.js
2019-04-22 16:06:25,462 INFO 63186 [egg-schedule]: register schedule /Users/admin/stmu/h5Editor/backend/node_modules/egg-logrotator/app/schedule/rotate_by_file.js
2019-04-22 16:06:29,190 INFO 63193 [egg-schedule]: register schedule /Users/admin/stmu/h5Editor/backend/node_modules/egg-logrotator/app/schedule/clean_log.js
2019-04-22 16:06:29,190 INFO 63193 [egg-schedule]: register schedule /Users/admin/stmu/h5Editor/backend/node_modules/egg-logrotator/app/schedule/rotate_by_file.js
2019-04-22 16:14:42,371 INFO 63240 [egg-schedule]: register schedule /Users/admin/stmu/h5Editor/backend/node_modules/egg-logrotator/app/schedule/clean_log.js
2019-04-22 16:14:42,371 INFO 63240 [egg-schedule]: register schedule /Users/admin/stmu/h5Editor/backend/node_modules/egg-logrotator/app/schedule/rotate_by_file.js
2019-04-22 17:02:53,938 INFO 64159 [egg-schedule]: register schedule /Users/admin/stmu/h5Editor/backend/node_modules/egg-logrotator/app/schedule/clean_log.js
2019-04-22 17:02:53,938 INFO 64159 [egg-schedule]: register schedule /Users/admin/stmu/h5Editor/backend/node_modules/egg-logrotator/app/schedule/rotate_by_file.js
2019-04-22 17:04:21,639 INFO 64178 [egg-schedule]: register schedule /Users/admin/stmu/h5Editor/backend/node_modules/egg-logrotator/app/schedule/clean_log.js
2019-04-22 17:04:21,639 INFO 64178 [egg-schedule]: register schedule /Users/admin/stmu/h5Editor/backend/node_modules/egg-logrotator/app/schedule/rotate_by_file.js
2019-04-22 17:05:32,396 INFO 64194 [egg-schedule]: register schedule /Users/admin/stmu/h5Editor/backend/node_modules/egg-logrotator/app/schedule/clean_log.js
2019-04-22 17:05:32,396 INFO 64194 [egg-schedule]: register schedule /Users/admin/stmu/h5Editor/backend/node_modules/egg-logrotator/app/schedule/rotate_by_file.js
2019-04-22 17:07:18,225 INFO 64248 [egg-schedule]: register schedule /Users/admin/stmu/h5Editor/backend/node_modules/egg-logrotator/app/schedule/clean_log.js
2019-04-22 17:07:18,225 INFO 64248 [egg-schedule]: register schedule /Users/admin/stmu/h5Editor/backend/node_modules/egg-logrotator/app/schedule/rotate_by_file.js
2019-04-22 17:07:18,605 INFO 64243 [Timer] /Users/admin/stmu/h5Editor/backend/node_modules/egg-logrotator/app/schedule/clean_log.js next time will execute after 24761397ms at 2019-04-23 00:00:00.002
2019-04-22 17:07:18,606 INFO 64243 [Timer] /Users/admin/stmu/h5Editor/backend/node_modules/egg-logrotator/app/schedule/rotate_by_file.js next time will execute after 24762395ms at 2019-04-23 00:00:01.001
2019-04-22 17:12:45,193 INFO 64304 [egg-schedule]: register schedule /Users/admin/stmu/h5Editor/backend/node_modules/egg-logrotator/app/schedule/clean_log.js
2019-04-22 17:12:45,193 INFO 64304 [egg-schedule]: register schedule /Users/admin/stmu/h5Editor/backend/node_modules/egg-logrotator/app/schedule/rotate_by_file.js
2019-04-22 17:28:30,946 INFO 64550 [egg-schedule]: register schedule /Users/admin/stmu/h5Editor/backend/node_modules/egg-logrotator/app/schedule/clean_log.js
2019-04-22 17:28:30,946 INFO 64550 [egg-schedule]: register schedule /Users/admin/stmu/h5Editor/backend/node_modules/egg-logrotator/app/schedule/rotate_by_file.js
2019-04-22 17:28:31,623 INFO 64543 [Timer] /Users/admin/stmu/h5Editor/backend/node_modules/egg-logrotator/app/schedule/clean_log.js next time will execute after 23488380ms at 2019-04-23 00:00:00.003
2019-04-22 17:28:31,623 INFO 64543 [Timer] /Users/admin/stmu/h5Editor/backend/node_modules/egg-logrotator/app/schedule/rotate_by_file.js next time will execute after 23489377ms at 2019-04-23 00:00:01.000
2019-04-22 17:33:01,150 INFO 64703 [egg-schedule]: register schedule /Users/admin/stmu/h5Editor/backend/node_modules/egg-logrotator/app/schedule/clean_log.js
2019-04-22 17:33:01,150 INFO 64703 [egg-schedule]: register schedule /Users/admin/stmu/h5Editor/backend/node_modules/egg-logrotator/app/schedule/rotate_by_file.js
2019-04-22 17:33:01,674 INFO 64697 [Timer] /Users/admin/stmu/h5Editor/backend/node_modules/egg-logrotator/app/schedule/clean_log.js next time will execute after 23218329ms at 2019-04-23 00:00:00.003
2019-04-22 17:33:01,674 INFO 64697 [Timer] /Users/admin/stmu/h5Editor/backend/node_modules/egg-logrotator/app/schedule/rotate_by_file.js next time will execute after 23219326ms at 2019-04-23 00:00:01.000
2019-04-22 17:36:06,269 INFO 64773 [Timer] /Users/admin/stmu/h5Editor/backend/node_modules/egg-logrotator/app/schedule/clean_log.js next time will execute after 23033734ms at 2019-04-23 00:00:00.003
2019-04-22 17:36:06,270 INFO 64773 [Timer] /Users/admin/stmu/h5Editor/backend/node_modules/egg-logrotator/app/schedule/rotate_by_file.js next time will execute after 23034731ms at 2019-04-23 00:00:01.001
2019-04-22 17:36:05,784 INFO 64778 [egg-schedule]: register schedule /Users/admin/stmu/h5Editor/backend/node_modules/egg-logrotator/app/schedule/clean_log.js
2019-04-22 17:36:05,785 INFO 64778 [egg-schedule]: register schedule /Users/admin/stmu/h5Editor/backend/node_modules/egg-logrotator/app/schedule/rotate_by_file.js
2019-04-22 17:38:46,867 INFO 64851 [Timer] /Users/admin/stmu/h5Editor/backend/node_modules/egg-logrotator/app/schedule/clean_log.js next time will execute after 22873136ms at 2019-04-23 00:00:00.003
2019-04-22 17:38:46,868 INFO 64851 [Timer] /Users/admin/stmu/h5Editor/backend/node_modules/egg-logrotator/app/schedule/rotate_by_file.js next time will execute after 22874133ms at 2019-04-23 00:00:01.001
2019-04-22 17:38:46,355 INFO 64856 [egg-schedule]: register schedule /Users/admin/stmu/h5Editor/backend/node_modules/egg-logrotator/app/schedule/clean_log.js
2019-04-22 17:38:46,355 INFO 64856 [egg-schedule]: register schedule /Users/admin/stmu/h5Editor/backend/node_modules/egg-logrotator/app/schedule/rotate_by_file.js
2019-04-22 17:40:05,028 INFO 64905 [egg-schedule]: register schedule /Users/admin/stmu/h5Editor/backend/node_modules/egg-logrotator/app/schedule/clean_log.js
2019-04-22 17:40:05,028 INFO 64905 [egg-schedule]: register schedule /Users/admin/stmu/h5Editor/backend/node_modules/egg-logrotator/app/schedule/rotate_by_file.js
2019-04-22 17:40:05,413 INFO 64900 [Timer] /Users/admin/stmu/h5Editor/backend/node_modules/egg-logrotator/app/schedule/clean_log.js next time will execute after 22794590ms at 2019-04-23 00:00:00.002
2019-04-22 17:40:05,413 INFO 64900 [Timer] /Users/admin/stmu/h5Editor/backend/node_modules/egg-logrotator/app/schedule/rotate_by_file.js next time will execute after 22795587ms at 2019-04-23 00:00:01.000
2019-04-22 17:44:49,250 INFO 64992 [Timer] /Users/admin/stmu/h5Editor/backend/node_modules/egg-logrotator/app/schedule/clean_log.js next time will execute after 22510752ms at 2019-04-23 00:00:00.002
2019-04-22 17:44:49,250 INFO 64992 [Timer] /Users/admin/stmu/h5Editor/backend/node_modules/egg-logrotator/app/schedule/rotate_by_file.js next time will execute after 22511750ms at 2019-04-23 00:00:01.000
2019-04-22 17:44:48,812 INFO 64997 [egg-schedule]: register schedule /Users/admin/stmu/h5Editor/backend/node_modules/egg-logrotator/app/schedule/clean_log.js
2019-04-22 17:44:48,812 INFO 64997 [egg-schedule]: register schedule /Users/admin/stmu/h5Editor/backend/node_modules/egg-logrotator/app/schedule/rotate_by_file.js
2019-04-22 17:46:25,064 INFO 65073 [Timer] /Users/admin/stmu/h5Editor/backend/node_modules/egg-logrotator/app/schedule/clean_log.js next time will execute after 22414939ms at 2019-04-23 00:00:00.003
2019-04-22 17:46:25,064 INFO 65073 [Timer] /Users/admin/stmu/h5Editor/backend/node_modules/egg-logrotator/app/schedule/rotate_by_file.js next time will execute after 22415936ms at 2019-04-23 00:00:01.000
2019-04-22 17:46:24,503 INFO 65078 [egg-schedule]: register schedule /Users/admin/stmu/h5Editor/backend/node_modules/egg-logrotator/app/schedule/clean_log.js
2019-04-22 17:46:24,503 INFO 65078 [egg-schedule]: register schedule /Users/admin/stmu/h5Editor/backend/node_modules/egg-logrotator/app/schedule/rotate_by_file.js
2019-04-22 17:51:02,435 INFO 65198 [egg-schedule]: register schedule /Users/admin/stmu/h5Editor/backend/node_modules/egg-logrotator/app/schedule/clean_log.js
2019-04-22 17:51:02,435 INFO 65198 [egg-schedule]: register schedule /Users/admin/stmu/h5Editor/backend/node_modules/egg-logrotator/app/schedule/rotate_by_file.js
2019-04-22 17:51:03,022 INFO 65193 [Timer] /Users/admin/stmu/h5Editor/backend/node_modules/egg-logrotator/app/schedule/clean_log.js next time will execute after 22136981ms at 2019-04-23 00:00:00.003
2019-04-22 17:51:03,022 INFO 65193 [Timer] /Users/admin/stmu/h5Editor/backend/node_modules/egg-logrotator/app/schedule/rotate_by_file.js next time will execute after 22137978ms at 2019-04-23 00:00:01.000
2019-04-22 17:51:33,945 INFO 65250 [egg-schedule]: register schedule /Users/admin/stmu/h5Editor/backend/node_modules/egg-logrotator/app/schedule/clean_log.js
2019-04-22 17:51:33,945 INFO 65250 [egg-schedule]: register schedule /Users/admin/stmu/h5Editor/backend/node_modules/egg-logrotator/app/schedule/rotate_by_file.js
2019-04-22 17:51:34,342 INFO 65245 [Timer] /Users/admin/stmu/h5Editor/backend/node_modules/egg-logrotator/app/schedule/clean_log.js next time will execute after 22105661ms at 2019-04-23 00:00:00.002
2019-04-22 17:51:34,342 INFO 65245 [Timer] /Users/admin/stmu/h5Editor/backend/node_modules/egg-logrotator/app/schedule/rotate_by_file.js next time will execute after 22106658ms at 2019-04-23 00:00:01.000
2019-04-22 17:53:23,469 INFO 65317 [egg-schedule]: register schedule /Users/admin/stmu/h5Editor/backend/node_modules/egg-logrotator/app/schedule/clean_log.js
2019-04-22 17:53:23,470 INFO 65317 [egg-schedule]: register schedule /Users/admin/stmu/h5Editor/backend/node_modules/egg-logrotator/app/schedule/rotate_by_file.js
2019-04-22 17:53:23,879 INFO 65312 [Timer] /Users/admin/stmu/h5Editor/backend/node_modules/egg-logrotator/app/schedule/clean_log.js next time will execute after 21996124ms at 2019-04-23 00:00:00.003
2019-04-22 17:53:23,880 INFO 65312 [Timer] /Users/admin/stmu/h5Editor/backend/node_modules/egg-logrotator/app/schedule/rotate_by_file.js next time will execute after 21997121ms at 2019-04-23 00:00:01.001
2019-04-22 17:55:38,548 INFO 65384 [egg-schedule]: register schedule /Users/admin/stmu/h5Editor/backend/node_modules/egg-logrotator/app/schedule/clean_log.js
2019-04-22 17:55:38,548 INFO 65384 [egg-schedule]: register schedule /Users/admin/stmu/h5Editor/backend/node_modules/egg-logrotator/app/schedule/rotate_by_file.js
2019-04-22 17:55:38,925 INFO 65379 [Timer] /Users/admin/stmu/h5Editor/backend/node_modules/egg-logrotator/app/schedule/clean_log.js next time will execute after 21861078ms at 2019-04-23 00:00:00.003
2019-04-22 17:55:38,926 INFO 65379 [Timer] /Users/admin/stmu/h5Editor/backend/node_modules/egg-logrotator/app/schedule/rotate_by_file.js next time will execute after 21862075ms at 2019-04-23 00:00:01.001
2019-04-22 17:58:23,965 INFO 65490 [egg-schedule]: register schedule /Users/admin/stmu/h5Editor/backend/node_modules/egg-logrotator/app/schedule/clean_log.js
2019-04-22 17:58:23,965 INFO 65490 [egg-schedule]: register schedule /Users/admin/stmu/h5Editor/backend/node_modules/egg-logrotator/app/schedule/rotate_by_file.js
2019-04-22 17:58:24,331 INFO 65479 [Timer] /Users/admin/stmu/h5Editor/backend/node_modules/egg-logrotator/app/schedule/clean_log.js next time will execute after 21695672ms at 2019-04-23 00:00:00.002
2019-04-22 17:58:24,331 INFO 65479 [Timer] /Users/admin/stmu/h5Editor/backend/node_modules/egg-logrotator/app/schedule/rotate_by_file.js next time will execute after 21696669ms at 2019-04-23 00:00:01.000
2019-04-22 18:19:12,881 INFO 66514 [Timer] /Users/admin/stmu/h5Editor/backend/node_modules/egg-logrotator/app/schedule/clean_log.js next time will execute after 20447122ms at 2019-04-23 00:00:00.003
2019-04-22 18:19:12,882 INFO 66514 [Timer] /Users/admin/stmu/h5Editor/backend/node_modules/egg-logrotator/app/schedule/rotate_by_file.js next time will execute after 20448119ms at 2019-04-23 00:00:01.001
2019-04-22 18:19:12,376 INFO 66520 [egg-schedule]: register schedule /Users/admin/stmu/h5Editor/backend/node_modules/egg-logrotator/app/schedule/clean_log.js
2019-04-22 18:19:12,376 INFO 66520 [egg-schedule]: register schedule /Users/admin/stmu/h5Editor/backend/node_modules/egg-logrotator/app/schedule/rotate_by_file.js
2019-04-22 19:15:22,228 INFO 66934 [Timer] /Users/admin/stmu/h5Editor/backend/node_modules/egg-logrotator/app/schedule/clean_log.js next time will execute after 17077775ms at 2019-04-23 00:00:00.003
2019-04-22 19:15:22,228 INFO 66934 [Timer] /Users/admin/stmu/h5Editor/backend/node_modules/egg-logrotator/app/schedule/rotate_by_file.js next time will execute after 17078772ms at 2019-04-23 00:00:01.000
2019-04-22 19:15:21,740 INFO 66939 [egg-schedule]: register schedule /Users/admin/stmu/h5Editor/backend/node_modules/egg-logrotator/app/schedule/clean_log.js
2019-04-22 19:15:21,740 INFO 66939 [egg-schedule]: register schedule /Users/admin/stmu/h5Editor/backend/node_modules/egg-logrotator/app/schedule/rotate_by_file.js
2019-04-22 19:17:16,293 INFO 67009 [Timer] /Users/admin/stmu/h5Editor/backend/node_modules/egg-logrotator/app/schedule/clean_log.js next time will execute after 16963709ms at 2019-04-23 00:00:00.002
2019-04-22 19:17:16,293 INFO 67009 [Timer] /Users/admin/stmu/h5Editor/backend/node_modules/egg-logrotator/app/schedule/rotate_by_file.js next time will execute after 16964707ms at 2019-04-23 00:00:01.000
2019-04-22 19:17:15,808 INFO 67014 [egg-schedule]: register schedule /Users/admin/stmu/h5Editor/backend/node_modules/egg-logrotator/app/schedule/clean_log.js
2019-04-22 19:17:15,808 INFO 67014 [egg-schedule]: register schedule /Users/admin/stmu/h5Editor/backend/node_modules/egg-logrotator/app/schedule/rotate_by_file.js
2019-04-22 19:18:26,322 INFO 67067 [Timer] /Users/admin/stmu/h5Editor/backend/node_modules/egg-logrotator/app/schedule/clean_log.js next time will execute after 16893680ms at 2019-04-23 00:00:00.002
2019-04-22 19:18:26,323 INFO 67067 [Timer] /Users/admin/stmu/h5Editor/backend/node_modules/egg-logrotator/app/schedule/rotate_by_file.js next time will execute after 16894677ms at 2019-04-23 00:00:01.000
2019-04-22 19:18:25,850 INFO 67078 [egg-schedule]: register schedule /Users/admin/stmu/h5Editor/backend/node_modules/egg-logrotator/app/schedule/clean_log.js
2019-04-22 19:18:25,850 INFO 67078 [egg-schedule]: register schedule /Users/admin/stmu/h5Editor/backend/node_modules/egg-logrotator/app/schedule/rotate_by_file.js
2019-04-22 19:19:43,079 INFO 67112 [Timer] /Users/admin/stmu/h5Editor/backend/node_modules/egg-logrotator/app/schedule/clean_log.js next time will execute after 16816924ms at 2019-04-23 00:00:00.003
2019-04-22 19:19:43,080 INFO 67112 [Timer] /Users/admin/stmu/h5Editor/backend/node_modules/egg-logrotator/app/schedule/rotate_by_file.js next time will execute after 16817921ms at 2019-04-23 00:00:01.001
2019-04-22 19:19:42,594 INFO 67122 [egg-schedule]: register schedule /Users/admin/stmu/h5Editor/backend/node_modules/egg-logrotator/app/schedule/clean_log.js
2019-04-22 19:19:42,594 INFO 67122 [egg-schedule]: register schedule /Users/admin/stmu/h5Editor/backend/node_modules/egg-logrotator/app/schedule/rotate_by_file.js
2019-04-22 19:22:58,714 INFO 67207 [Timer] /Users/admin/stmu/h5Editor/backend/node_modules/egg-logrotator/app/schedule/clean_log.js next time will execute after 16621288ms at 2019-04-23 00:00:00.002
2019-04-22 19:22:58,715 INFO 67207 [Timer] /Users/admin/stmu/h5Editor/backend/node_modules/egg-logrotator/app/schedule/rotate_by_file.js next time will execute after 16622286ms at 2019-04-23 00:00:01.001
2019-04-22 19:22:58,225 INFO 67212 [egg-schedule]: register schedule /Users/admin/stmu/h5Editor/backend/node_modules/egg-logrotator/app/schedule/clean_log.js
2019-04-22 19:22:58,225 INFO 67212 [egg-schedule]: register schedule /Users/admin/stmu/h5Editor/backend/node_modules/egg-logrotator/app/schedule/rotate_by_file.js
2019-04-22 19:24:46,131 INFO 67285 [Timer] /Users/admin/stmu/h5Editor/backend/node_modules/egg-logrotator/app/schedule/clean_log.js next time will execute after 16513872ms at 2019-04-23 00:00:00.003
2019-04-22 19:24:46,133 INFO 67285 [Timer] /Users/admin/stmu/h5Editor/backend/node_modules/egg-logrotator/app/schedule/rotate_by_file.js next time will execute after 16514868ms at 2019-04-23 00:00:01.001
2019-04-22 19:24:45,668 INFO 67296 [egg-schedule]: register schedule /Users/admin/stmu/h5Editor/backend/node_modules/egg-logrotator/app/schedule/clean_log.js
2019-04-22 19:24:45,668 INFO 67296 [egg-schedule]: register schedule /Users/admin/stmu/h5Editor/backend/node_modules/egg-logrotator/app/schedule/rotate_by_file.js
2019-04-22 19:27:26,254 INFO 67424 [egg-schedule]: register schedule /Users/admin/stmu/h5Editor/backend/node_modules/egg-logrotator/app/schedule/clean_log.js
2019-04-22 19:27:26,254 INFO 67424 [egg-schedule]: register schedule /Users/admin/stmu/h5Editor/backend/node_modules/egg-logrotator/app/schedule/rotate_by_file.js
2019-04-22 19:27:26,778 INFO 67419 [Timer] /Users/admin/stmu/h5Editor/backend/node_modules/egg-logrotator/app/schedule/clean_log.js next time will execute after 16353225ms at 2019-04-23 00:00:00.003
2019-04-22 19:27:26,778 INFO 67419 [Timer] /Users/admin/stmu/h5Editor/backend/node_modules/egg-logrotator/app/schedule/rotate_by_file.js next time will execute after 16354222ms at 2019-04-23 00:00:01.000
2019-04-22 19:29:04,696 INFO 67498 [egg-schedule]: register schedule /Users/admin/stmu/h5Editor/backend/node_modules/egg-logrotator/app/schedule/clean_log.js
2019-04-22 19:29:04,696 INFO 67498 [egg-schedule]: register schedule /Users/admin/stmu/h5Editor/backend/node_modules/egg-logrotator/app/schedule/rotate_by_file.js
2019-04-22 19:29:05,165 INFO 67493 [Timer] /Users/admin/stmu/h5Editor/backend/node_modules/egg-logrotator/app/schedule/clean_log.js next time will execute after 16254838ms at 2019-04-23 00:00:00.003
2019-04-22 19:29:05,165 INFO 67493 [Timer] /Users/admin/stmu/h5Editor/backend/node_modules/egg-logrotator/app/schedule/rotate_by_file.js next time will execute after 16255835ms at 2019-04-23 00:00:01.000
2019-04-22 19:30:34,858 INFO 67571 [Timer] /Users/admin/stmu/h5Editor/backend/node_modules/egg-logrotator/app/schedule/clean_log.js next time will execute after 16165145ms at 2019-04-23 00:00:00.003
2019-04-22 19:30:34,859 INFO 67571 [Timer] /Users/admin/stmu/h5Editor/backend/node_modules/egg-logrotator/app/schedule/rotate_by_file.js next time will execute after 16166141ms at 2019-04-23 00:00:01.000
2019-04-22 19:30:34,366 INFO 67576 [egg-schedule]: register schedule /Users/admin/stmu/h5Editor/backend/node_modules/egg-logrotator/app/schedule/clean_log.js
2019-04-22 19:30:34,366 INFO 67576 [egg-schedule]: register schedule /Users/admin/stmu/h5Editor/backend/node_modules/egg-logrotator/app/schedule/rotate_by_file.js
2019-04-22 19:34:34,486 INFO 67663 [Timer] /Users/admin/stmu/h5Editor/backend/node_modules/egg-logrotator/app/schedule/clean_log.js next time will execute after 15925516ms at 2019-04-23 00:00:00.002
2019-04-22 19:34:34,487 INFO 67663 [Timer] /Users/admin/stmu/h5Editor/backend/node_modules/egg-logrotator/app/schedule/rotate_by_file.js next time will execute after 15926513ms at 2019-04-23 00:00:01.000
2019-04-22 19:34:33,986 INFO 67668 [egg-schedule]: register schedule /Users/admin/stmu/h5Editor/backend/node_modules/egg-logrotator/app/schedule/clean_log.js
2019-04-22 19:34:33,986 INFO 67668 [egg-schedule]: register schedule /Users/admin/stmu/h5Editor/backend/node_modules/egg-logrotator/app/schedule/rotate_by_file.js
2019-04-23 09:45:07,292 INFO 69359 [Timer] /Users/admin/stmu/h5Editor/backend/node_modules/egg-logrotator/app/schedule/clean_log.js next time will execute after 51292710ms at 2019-04-24 00:00:00.002
2019-04-23 09:45:07,293 INFO 69359 [Timer] /Users/admin/stmu/h5Editor/backend/node_modules/egg-logrotator/app/schedule/rotate_by_file.js next time will execute after 51293707ms at 2019-04-24 00:00:01.000
2019-04-23 09:45:06,771 INFO 69360 [egg-schedule]: register schedule /Users/admin/stmu/h5Editor/backend/node_modules/egg-logrotator/app/schedule/clean_log.js
2019-04-23 09:45:06,771 INFO 69360 [egg-schedule]: register schedule /Users/admin/stmu/h5Editor/backend/node_modules/egg-logrotator/app/schedule/rotate_by_file.js
2019-04-23 11:04:08,168 INFO 69833 [egg-schedule]: register schedule /Users/admin/stmu/h5Editor/backend/node_modules/egg-logrotator/app/schedule/clean_log.js
2019-04-23 11:04:08,168 INFO 69833 [egg-schedule]: register schedule /Users/admin/stmu/h5Editor/backend/node_modules/egg-logrotator/app/schedule/rotate_by_file.js
2019-04-23 11:04:08,841 INFO 69832 [Timer] /Users/admin/stmu/h5Editor/backend/node_modules/egg-logrotator/app/schedule/clean_log.js next time will execute after 46551161ms at 2019-04-24 00:00:00.002
2019-04-23 11:04:08,842 INFO 69832 [Timer] /Users/admin/stmu/h5Editor/backend/node_modules/egg-logrotator/app/schedule/rotate_by_file.js next time will execute after 46552158ms at 2019-04-24 00:00:01.000
2019-04-23 14:47:36,340 INFO 72068 [egg-schedule]: register schedule /Users/admin/stmu/h5Editor/backend/node_modules/egg-logrotator/app/schedule/clean_log.js
2019-04-23 14:47:36,340 INFO 72068 [egg-schedule]: register schedule /Users/admin/stmu/h5Editor/backend/node_modules/egg-logrotator/app/schedule/rotate_by_file.js
2019-04-23 14:47:36,888 INFO 72067 [Timer] /Users/admin/stmu/h5Editor/backend/node_modules/egg-logrotator/app/schedule/clean_log.js next time will execute after 33143115ms at 2019-04-24 00:00:00.002
2019-04-23 14:47:36,888 INFO 72067 [Timer] /Users/admin/stmu/h5Editor/backend/node_modules/egg-logrotator/app/schedule/rotate_by_file.js next time will execute after 33144112ms at 2019-04-24 00:00:01.000
